[04:57:00.889] Global cache location '/Users/peterchoi/Library/Caches/typescript/4.5', safe file path '/users/peterchoi/documents/projects/nodeservertest/node_modules/typescript/lib/typingsafelist.json', types map path /users/peterchoi/documents/projects/nodeservertest/node_modules/typescript/lib/typesmap.json
[04:57:00.890] Processing cache location '/Users/peterchoi/Library/Caches/typescript/4.5'
[04:57:00.890] Trying to find '/Users/peterchoi/Library/Caches/typescript/4.5/package.json'...
[04:57:00.899] Loaded content of '/Users/peterchoi/Library/Caches/typescript/4.5/package.json': {"private":true,"dependencies":{"types-registry":"^0.1.579"},"devDependencies":{"@types/accepts":"^1.3.5","@types/argparse":"^2.0.10","@types/aria-query":"^5.0.0","@types/arr-diff":"^4.0.0","@types/arr-union":"^3.1.0","@types/array-unique":"^0.3.0","@types/array.prototype.flat":"^1.2.1","@types/array.prototype.flatmap":"^1.2.2","@types/asap":"^2.0.0","@types/asn1":"^0.2.0","@types/assert":"^1.5.6","@types/assert-plus":"^1.0.4","@types/async":"^3.2.10","@types/atob":"^2.1.2","@types/aws4":"^1.11.0","@types/babel-plugin-macros":"^2.8.5","@types/babylon":"^6.16.6","@types/balanced-match":"^1.0.1","@types/base64-js":"^1.3.0","@types/big.js":"^6.1.2","@types/bindings":"^1.5.1","@types/bluebird":"^3.5.36","@types/bn.js":"^5.1.0","@types/body-parser":"^1.19.2","@types/bonjour":"^3.5.9","@types/boolbase":"^1.0.0","@types/brace-expansion":"^1.1.0","@types/braces":"^3.0.1","@types/brorand":"^1.0.30","@types/bser":"^2.0.1","@types/buffer-from":"^1.1.0","@types/buffer-xor":"^2.0.0","@types/bytes":"^3.1.1","@types/cacache":"^15.0.1","@types/call-bind":"^1.0.0","@types/caniuse-api":"^3.0.2","@types/caniuse-lite":"^1.0.1","@types/case-sensitive-paths-webpack-plugin":"^2.1.6","@types/caseless":"^0.12.2","@types/check-types":"^7.3.3","@types/chownr":"^1.0.0","@types/cipher-base":"^1.0.0","@types/clean-css":"^4.2.5","@types/co":"^4.6.3","@types/color":"^3.0.2","@types/color-convert":"^2.0.0","@types/color-name":"^1.1.1","@types/color-string":"^1.5.2","@types/combined-stream":"^1.0.3","@types/common-tags":"^1.8.1","@types/commondir":"^1.0.0","@types/component-emitter":"^1.2.11","@types/compose-function":"^0.0.30","@types/compressible":"^2.0.0","@types/compression":"^1.7.2","@types/concat-map":"^0.0.1","@types/concat-stream":"^1.6.1","@types/confusing-browser-globals":"^1.0.0","@types/connect-history-api-fallback":"^1.3.5","@types/contains-path":"^1.0.1","@types/content-disposition":"^0.5.4","@types/content-type":"^1.1.5","@types/convert-source-map":"^1.5.2","@types/cookie":"^0.4.1","@types/cookie-signature":"^1.0.4","@types/core-js":"^2.5.5","@types/create-hash":"^1.2.2","@types/create-hmac":"^1.1.0","@types/cross-spawn":"^6.0.2","@types/css":"^0.0.33","@types/css-declaration-sorter":"^6.0.1","@types/css-tree":"^1.0.7","@types/cssesc":"^3.0.0","@types/cssnano":"^4.0.1","@types/csso":"^5.0.0","@types/cssom":"^0.4.1","@types/cssstyle":"^2.2.1","@types/d":"^1.0.1","@types/damerau-levenshtein":"^1.0.0","@types/dashdash":"^1.14.1","@types/data-urls":"^2.0.1","@types/debug":"^4.1.7","@types/decode-uri-component":"^0.2.0","@types/dedent":"^0.7.0","@types/deep-equal":"^1.0.1","@types/default-gateway":"^3.0.1","@types/define-properties":"^1.1.3","@types/depd":"^1.1.32","@types/destroy":"^1.0.0","@types/detect-node":"^2.0.0","@types/diffie-hellman":"^5.0.0","@types/dir-glob":"^2.0.1","@types/dns-packet":"^5.2.4","@types/doctrine":"^0.0.5","@types/domexception":"^2.0.1","@types/domhandler":"^2.4.2","@types/domutils":"^1.7.4","@types/duplexify":"^3.6.0","@types/ee-first":"^1.1.0","@types/ejs":"^3.1.0","@types/elliptic":"^6.4.14","@types/encodeurl":"^1.0.0","@types/end-of-stream":"^1.4.1","@types/enhanced-resolve":"^3.0.7","@types/es-abstract":"^1.17.3","@types/es-to-primitive":"^1.2.4","@types/escape-html":"^1.0.1","@types/escodegen":"^0.0.7","@types/eslint":"^8.2.1","@types/eslint-scope":"^3.7.2","@types/eslint-utils":"^3.0.1","@types/eslint-visitor-keys":"^1.0.0","@types/esprima":"^4.0.3","@types/esquery":"^1.0.2","@types/estraverse":"^5.1.1","@types/esutils":"^2.0.0","@types/etag":"^1.8.1","@types/events":"^3.0.0","@types/eventsource":"^1.1.8","@types/exit":"^0.1.31","@types/express":"^4.17.13","@types/extend":"^3.0.1","@types/extsprintf":"^1.4.1","@types/fast-levenshtein":"^0.0.2","@types/fb-watchman":"^2.0.1","@types/file-entry-cache":"^5.0.2","@types/file-loader":"^5.0.1","@types/fill-range":"^7.0.0","@types/finalhandler":"^1.1.1","@types/find-cache-dir":"^3.2.1","@types/find-root":"^1.1.2","@types/flat-cache":"^2.0.0","@types/flush-write-stream":"^1.0.0","@types/follow-redirects":"^1.13.1","@types/forever-agent":"^0.6.1","@types/forwarded":"^0.1.0","@types/fresh":"^0.5.0","@types/from":"^0.1.29","@types/from2":"^2.3.1","@types/fs-extra":"^9.0.13","@types/function-bind":"^1.1.6","@types/functional-red-black-tree":"^1.0.1","@types/get-intrinsic":"^1.0.0","@types/get-value":"^3.0.2","@types/getpass":"^0.1.1","@types/glob":"^7.2.0","@types/glob-parent":"^5.1.1","@types/global-modules":"^2.0.0","@types/global-prefix":"^3.0.0","@types/graceful-fs":"^4.1.5","@types/has":"^1.0.0","@types/has-symbols":"^1.0.0","@types/he":"^1.1.2","@types/hex-color-regex":"^1.1.1","@types/history":"^4.7.9","@types/hoist-non-react-statics":"^3.3.1","@types/hosted-git-info":"^3.0.2","@types/html-encoding-sniffer":"^2.0.2","@types/html-escaper":"^3.0.0","@types/html-minifier-terser":"^6.1.0","@types/htmlparser2":"^3.10.3","@types/http-errors":"^1.8.2","@types/http-proxy":"^1.17.8","@types/icss-utils":"^5.1.0","@types/iferr":"^1.0.2","@types/imurmurhash":"^0.1.1","@types/inherits":"^0.0.30","@types/ini":"^1.3.31","@types/internal-slot":"^1.0.1","@types/ip":"^1.1.0","@types/is-arguments":"^1.0.0","@types/is-bigint":"^1.0.0","@types/is-boolean-object":"^1.1.0","@types/is-buffer":"^2.0.0","@types/is-callable":"^1.1.0","@types/is-ci":"^3.0.0","@types/is-core-module":"^2.2.0","@types/is-data-descriptor":"^1.0.0","@types/is-date-object":"^1.0.1","@types/is-glob":"^4.0.2","@types/is-number":"^7.0.1","@types/is-regex":"^1.0.0","@types/is-string":"^1.0.0","@types/is-typedarray":"^1.0.0","@types/is-windows":"^1.0.0","@types/isarray":"^2.0.0","@types/isexe":"^2.0.1","@types/isstream":"^0.1.0","@types/istanbul-lib-coverage":"^2.0.3","@types/istanbul-lib-instrument":"^1.7.4","@types/istanbul-lib-report":"^3.0.0","@types/istanbul-lib-source-maps":"^4.0.1","@types/istanbul-reports":"^3.0.1","@types/js-yaml":"^4.0.5","@types/jsbn":"^1.2.29","@types/jsdom":"^16.2.13","@types/jsesc":"^3.0.1","@types/json-parse-better-errors":"^1.0.0","@types/json-schema":"^7.0.9","@types/json-stringify-safe":"^5.0.0","@types/json3":"^3.3.2","@types/jsonfile":"^6.0.1","@types/jsonwebtoken":"^8.5.8","@types/jwa":"^2.0.0","@types/jws":"^3.2.4","@types/kind-of":"^6.0.0","@types/language-tags":"^1.0.0","@types/loader-runner":"^2.2.4","@types/loader-utils":"^2.0.3","@types/lodash":"^4.14.178","@types/lodash.clonedeep":"^4.5.6","@types/lodash.debounce":"^4.0.6","@types/lodash.includes":"^4.3.6","@types/lodash.isboolean":"^3.0.6","@types/lodash.isinteger":"^4.0.6","@types/lodash.isnumber":"^3.0.6","@types/lodash.isplainobject":"^4.0.6","@types/lodash.isstring":"^4.0.6","@types/lodash.memoize":"^4.1.6","@types/lodash.merge":"^4.6.6","@types/lodash.once":"^4.1.6","@types/lodash.sortby":"^4.7.6","@types/lodash.template":"^4.5.0","@types/lodash.truncate":"^4.4.6","@types/lodash.uniq":"^4.5.6","@types/lru-cache":"^5.1.1","@types/lz-string":"^1.3.34","@types/media-typer":"^1.1.1","@types/memory-fs":"^0.3.3","@types/merge-descriptors":"^1.0.1","@types/merge-stream":"^1.1.2","@types/merge2":"^1.3.1","@types/methods":"^1.1.1","@types/micromatch":"^4.0.2","@types/mime":"^2.0.3","@types/mime-db":"^1.43.1","@types/mime-types":"^2.1.1","@types/min-indent":"^1.0.0","@types/mini-css-extract-plugin":"^2.4.0","@types/minimalistic-assert":"^1.0.1","@types/minimatch":"^3.0.5","@types/minimist":"^1.2.2","@types/minipass":"^3.1.0","@types/minizlib":"^2.1.2","@types/mkdirp":"^1.0.2","@types/move-concurrently":"^1.0.4","@types/ms":"^0.7.31","@types/multicast-dns":"^7.2.1","@types/natural-compare":"^1.4.1","@types/negotiator":"^0.6.1","@types/next-tick":"^1.0.0","@types/nice-try":"^2.1.0","@types/node":"^16.11.11","@types/node-forge":"^0.10.10","@types/node-int64":"^0.4.29","@types/node-notifier":"^8.0.1","@types/normalize-package-data":"^2.4.1","@types/normalize-path":"^3.0.0","@types/num2fraction":"^1.2.0","@types/nwsapi":"^2.2.2","@types/object-assign":"^4.0.30","@types/object-inspect":"^1.8.1","@types/object-keys":"^1.0.1","@types/object.fromentries":"^2.0.1","@types/object.getownpropertydescriptors":"^2.1.1","@types/object.pick":"^1.3.1","@types/on-finished":"^2.3.1","@types/on-headers":"^1.0.0","@types/once":"^1.4.0","@types/optimize-css-assets-webpack-plugin":"^5.0.5","@types/original":"^1.0.0","@types/page":"^1.11.5","@types/pako":"^1.0.2","@types/parallel-transform":"^1.1.1","@types/parse-json":"^4.0.0","@types/parse5":"^6.0.3","@types/parseurl":"^1.3.1","@types/pascalcase":"^1.0.1","@types/path-browserify":"^1.0.0","@types/path-is-absolute":"^1.0.0","@types/path-is-inside":"^1.0.0","@types/path-parse":"^1.0.19","@types/pbkdf2":"^3.1.0","@types/picomatch":"^2.3.0","@types/pify":"^5.0.1","@types/postcss-calc":"^7.0.2","@types/postcss-flexbugs-fixes":"^4.2.1","@types/postcss-gap-properties":"^2.0.1","@types/postcss-modules-extract-imports":"^3.0.2","@types/postcss-modules-local-by-default":"^4.0.0","@types/postcss-modules-scope":"^3.0.0","@types/postcss-modules-values":"^4.0.0","@types/postcss-normalize":"^9.0.1","@types/postcss-preset-env":"^6.7.3","@types/postcss-safe-parser":"^5.0.1","@types/prelude-ls":"^1.1.29","@types/progress":"^2.0.5","@types/promise-inflight":"^1.0.0","@types/prompts":"^2.0.14","@types/prop-types":"^15.7.4","@types/proxy-addr":"^2.0.0","@types/psl":"^1.1.0","@types/pump":"^1.1.1","@types/pumpify":"^1.4.1","@types/punycode":"^2.1.0","@types/q":"^1.5.5","@types/qs":"^6.9.7","@types/querystringify":"^2.0.0","@types/raf":"^3.4.0","@types/randombytes":"^2.0.0","@types/range-parser":"^1.2.4","@types/react":"^17.0.37","@types/react-dev-utils":"^9.0.9","@types/react-dom":"^17.0.11","@types/react-is":"^17.0.3","@types/react-router":"^5.1.17","@types/react-router-dom":"^5.3.2","@types/readable-stream":"^2.3.12","@types/recursive-readdir":"^2.2.0","@types/regenerate":"^1.4.1","@types/regenerator-runtime":"^0.13.1","@types/regex-not":"^1.0.0","@types/relateurl":"^0.2.29","@types/repeat-element":"^1.1.0","@types/repeat-string":"^1.6.2","@types/request":"^2.48.7","@types/request-promise-native":"^1.0.18","@types/require-directory":"^2.1.2","@types/require-from-string":"^1.2.1","@types/requires-port":"^1.0.0","@types/resolve":"^1.20.1","@types/retry":"^0.12.1","@types/rimraf":"^3.0.2","@types/ripemd160":"^2.0.0","@types/rsvp":"^4.0.4","@types/run-parallel":"^1.1.0","@types/safe-regex":"^1.1.3","@types/safer-buffer":"^2.1.0","@types/sane":"^2.0.1","@types/sass-loader":"^8.0.2","@types/sax":"^1.2.4","@types/scheduler":"^0.16.2","@types/semver":"^7.3.9","@types/send":"^0.17.1","@types/serialize-javascript":"^5.0.1","@types/serve-index":"^1.9.1","@types/serve-static":"^1.13.10","@types/set-value":"^4.0.1","@types/setimmediate":"^1.0.2","@types/sha.js":"^2.4.0","@types/shebang-command":"^1.2.0","@types/shell-quote":"^1.7.1","@types/signal-exit":"^3.0.1","@types/simple-swizzle":"^0.2.0","@types/slice-ansi":"^5.0.0","@types/sockjs":"^0.3.33","@types/sockjs-client":"^1.5.1","@types/source-list-map":"^0.1.2","@types/source-map-support":"^0.5.4","@types/spdx-correct":"^2.0.0","@types/spdx-expression-parse":"^3.0.1","@types/spdy":"^3.4.5","@types/sprintf":"^0.1.0","@types/sprintf-js":"^1.1.2","@types/sshpk":"^1.10.7","@types/ssri":"^7.1.1","@types/stack-utils":"^2.0.1","@types/statuses":"^2.0.0","@types/stream-each":"^1.2.0","@types/stream-shift":"^1.0.0","@types/strict-uri-encode":"^2.0.0","@types/string-natural-compare":"^3.0.2","@types/string.prototype.matchall":"^4.0.1","@types/stringify-object":"^4.0.0","@types/strip-comments":"^2.0.1","@types/strip-final-newline":"^3.0.0","@types/stylis":"^4.0.2","@types/supports-color":"^8.1.1","@types/svg-parser":"^2.0.3","@types/svgo":"^2.6.0","@types/symbol-tree":"^3.2.2","@types/tapable":"^2.2.2","@types/tar":"^6.1.1","@types/testing-library__jest-dom":"^5.14.2","@types/text-table":"^0.2.2","@types/through2":"^2.0.36","@types/thunky":"^1.1.0","@types/timsort":"^0.3.0","@types/tmpl":"^1.0.0","@types/to-regex":"^3.0.0","@types/to-regex-range":"^5.0.0","@types/tough-cookie":"^4.0.1","@types/tryer":"^1.0.2","@types/type-check":"^0.3.27","@types/type-detect":"^4.0.1","@types/type-is":"^1.6.3","@types/uniq":"^0.0.27","@types/universalify":"^1.0.0","@types/urix":"^0.1.0","@types/url-parse":"^1.4.7","@types/util-deprecate":"^1.0.0","@types/util.promisify":"^1.0.4","@types/utils-merge":"^0.0.28","@types/uuid":"^8.3.3","@types/validate-npm-package-license":"^3.0.1","@types/vary":"^1.1.0","@types/verror":"^1.10.5","@types/w3c-hr-time":"^1.0.0","@types/w3c-xmlserializer":"^2.0.2","@types/watchpack":"^1.1.7","@types/webidl-conversions":"^6.1.1","@types/webpack":"^5.28.0","@types/webpack-dev-middleware":"^5.0.2","@types/webpack-dev-server":"^4.5.0","@types/webpack-manifest-plugin":"^3.0.5","@types/webpack-sources":"^3.2.0","@types/whatwg-encoding":"^1.0.0","@types/whatwg-mimetype":"^2.1.1","@types/whatwg-url":"^8.2.1","@types/which":"^2.0.1","@types/workbox-build":"^5.0.1","@types/workbox-sw":"^4.3.2","@types/workbox-webpack-plugin":"^5.1.8","@types/wrap-ansi":"^8.0.1","@types/write-file-atomic":"^3.0.2","@types/ws":"^8.2.2","@types/xtend":"^4.0.4","@types/yallist":"^4.0.1","@types/yargs":"^17.0.7","@types/yargs-parser":"^20.2.1"}}
[04:57:00.900] Loaded content of '/Users/peterchoi/Library/Caches/typescript/4.5/package-lock.json'
[04:57:00.914] Adding entry into typings cache: 'accepts' => '/Users/peterchoi/Library/Caches/typescript/4.5/node_modules/@types/accepts/index.d.ts'
[04:57:00.917] Adding entry into typings cache: 'argparse' => '/Users/peterchoi/Library/Caches/typescript/4.5/node_modules/@types/argparse/index.d.ts'
[04:57:00.919] Adding entry into typings cache: 'aria-query' => '/Users/peterchoi/Library/Caches/typescript/4.5/node_modules/@types/aria-query/index.d.ts'
[04:57:00.926] Adding entry into typings cache: 'arr-diff' => '/Users/peterchoi/Library/Caches/typescript/4.5/node_modules/@types/arr-diff/index.d.ts'
[04:57:00.930] Adding entry into typings cache: 'arr-union' => '/Users/peterchoi/Library/Caches/typescript/4.5/node_modules/@types/arr-union/index.d.ts'
[04:57:00.935] Adding entry into typings cache: 'array-unique' => '/Users/peterchoi/Library/Caches/typescript/4.5/node_modules/@types/array-unique/index.d.ts'
[04:57:00.937] Adding entry into typings cache: 'array.prototype.flat' => '/Users/peterchoi/Library/Caches/typescript/4.5/node_modules/@types/array.prototype.flat/index.d.ts'
[04:57:00.940] Adding entry into typings cache: 'array.prototype.flatmap' => '/Users/peterchoi/Library/Caches/typescript/4.5/node_modules/@types/array.prototype.flatmap/index.d.ts'
[04:57:00.942] Adding entry into typings cache: 'asap' => '/Users/peterchoi/Library/Caches/typescript/4.5/node_modules/@types/asap/index.d.ts'
[04:57:00.945] Adding entry into typings cache: 'asn1' => '/Users/peterchoi/Library/Caches/typescript/4.5/node_modules/@types/asn1/index.d.ts'
[04:57:00.947] Adding entry into typings cache: 'assert' => '/Users/peterchoi/Library/Caches/typescript/4.5/node_modules/@types/assert/index.d.ts'
[04:57:00.949] Adding entry into typings cache: 'assert-plus' => '/Users/peterchoi/Library/Caches/typescript/4.5/node_modules/@types/assert-plus/index.d.ts'
[04:57:00.951] Adding entry into typings cache: 'async' => '/Users/peterchoi/Library/Caches/typescript/4.5/node_modules/@types/async/index.d.ts'
[04:57:00.956] Adding entry into typings cache: 'atob' => '/Users/peterchoi/Library/Caches/typescript/4.5/node_modules/@types/atob/index.d.ts'
[04:57:00.958] Adding entry into typings cache: 'aws4' => '/Users/peterchoi/Library/Caches/typescript/4.5/node_modules/@types/aws4/index.d.ts'
[04:57:00.960] Adding entry into typings cache: 'babel-plugin-macros' => '/Users/peterchoi/Library/Caches/typescript/4.5/node_modules/@types/babel-plugin-macros/index.d.ts'
[04:57:00.961] Adding entry into typings cache: 'babylon' => '/Users/peterchoi/Library/Caches/typescript/4.5/node_modules/@types/babylon/index.d.ts'
[04:57:00.963] Adding entry into typings cache: 'balanced-match' => '/Users/peterchoi/Library/Caches/typescript/4.5/node_modules/@types/balanced-match/index.d.ts'
[04:57:00.964] Adding entry into typings cache: 'base64-js' => '/Users/peterchoi/Library/Caches/typescript/4.5/node_modules/@types/base64-js/index.d.ts'
[04:57:00.966] Adding entry into typings cache: 'big.js' => '/Users/peterchoi/Library/Caches/typescript/4.5/node_modules/@types/big.js/index.d.ts'
[04:57:00.969] Adding entry into typings cache: 'bindings' => '/Users/peterchoi/Library/Caches/typescript/4.5/node_modules/@types/bindings/index.d.ts'
[04:57:00.971] Adding entry into typings cache: 'bluebird' => '/Users/peterchoi/Library/Caches/typescript/4.5/node_modules/@types/bluebird/index.d.ts'
[04:57:00.972] Adding entry into typings cache: 'bn.js' => '/Users/peterchoi/Library/Caches/typescript/4.5/node_modules/@types/bn.js/index.d.ts'
[04:57:00.975] Adding entry into typings cache: 'body-parser' => '/Users/peterchoi/Library/Caches/typescript/4.5/node_modules/@types/body-parser/index.d.ts'
[04:57:00.977] Adding entry into typings cache: 'bonjour' => '/Users/peterchoi/Library/Caches/typescript/4.5/node_modules/@types/bonjour/index.d.ts'
[04:57:00.978] Adding entry into typings cache: 'boolbase' => '/Users/peterchoi/Library/Caches/typescript/4.5/node_modules/@types/boolbase/index.d.ts'
[04:57:00.980] Adding entry into typings cache: 'brace-expansion' => '/Users/peterchoi/Library/Caches/typescript/4.5/node_modules/@types/brace-expansion/index.d.ts'
[04:57:00.984] Adding entry into typings cache: 'braces' => '/Users/peterchoi/Library/Caches/typescript/4.5/node_modules/@types/braces/index.d.ts'
[04:57:00.985] Adding entry into typings cache: 'brorand' => '/Users/peterchoi/Library/Caches/typescript/4.5/node_modules/@types/brorand/index.d.ts'
[04:57:00.987] Adding entry into typings cache: 'bser' => '/Users/peterchoi/Library/Caches/typescript/4.5/node_modules/@types/bser/index.d.ts'
[04:57:00.990] Adding entry into typings cache: 'buffer-from' => '/Users/peterchoi/Library/Caches/typescript/4.5/node_modules/@types/buffer-from/index.d.ts'
[04:57:00.991] Adding entry into typings cache: 'buffer-xor' => '/Users/peterchoi/Library/Caches/typescript/4.5/node_modules/@types/buffer-xor/index.d.ts'
[04:57:00.993] Adding entry into typings cache: 'bytes' => '/Users/peterchoi/Library/Caches/typescript/4.5/node_modules/@types/bytes/index.d.ts'
[04:57:00.995] Adding entry into typings cache: 'cacache' => '/Users/peterchoi/Library/Caches/typescript/4.5/node_modules/@types/cacache/index.d.ts'
[04:57:00.997] Adding entry into typings cache: 'call-bind' => '/Users/peterchoi/Library/Caches/typescript/4.5/node_modules/@types/call-bind/index.d.ts'
[04:57:00.999] Adding entry into typings cache: 'caniuse-api' => '/Users/peterchoi/Library/Caches/typescript/4.5/node_modules/@types/caniuse-api/index.d.ts'
[04:57:01.003] Adding entry into typings cache: 'caniuse-lite' => '/Users/peterchoi/Library/Caches/typescript/4.5/node_modules/@types/caniuse-lite/index.d.ts'
[04:57:01.005] Adding entry into typings cache: 'case-sensitive-paths-webpack-plugin' => '/Users/peterchoi/Library/Caches/typescript/4.5/node_modules/@types/case-sensitive-paths-webpack-plugin/index.d.ts'
[04:57:01.007] Adding entry into typings cache: 'caseless' => '/Users/peterchoi/Library/Caches/typescript/4.5/node_modules/@types/caseless/index.d.ts'
[04:57:01.008] Adding entry into typings cache: 'check-types' => '/Users/peterchoi/Library/Caches/typescript/4.5/node_modules/@types/check-types/index.d.ts'
[04:57:01.010] Adding entry into typings cache: 'chownr' => '/Users/peterchoi/Library/Caches/typescript/4.5/node_modules/@types/chownr/index.d.ts'
[04:57:01.012] Adding entry into typings cache: 'cipher-base' => '/Users/peterchoi/Library/Caches/typescript/4.5/node_modules/@types/cipher-base/index.d.ts'
[04:57:01.013] Adding entry into typings cache: 'clean-css' => '/Users/peterchoi/Library/Caches/typescript/4.5/node_modules/@types/clean-css/index.d.ts'
[04:57:01.014] Adding entry into typings cache: 'co' => '/Users/peterchoi/Library/Caches/typescript/4.5/node_modules/@types/co/index.d.ts'
[04:57:01.017] Adding entry into typings cache: 'color' => '/Users/peterchoi/Library/Caches/typescript/4.5/node_modules/@types/color/index.d.ts'
[04:57:01.020] Adding entry into typings cache: 'color-convert' => '/Users/peterchoi/Library/Caches/typescript/4.5/node_modules/@types/color-convert/index.d.ts'
[04:57:01.023] Adding entry into typings cache: 'color-name' => '/Users/peterchoi/Library/Caches/typescript/4.5/node_modules/@types/color-name/index.d.ts'
[04:57:01.025] Adding entry into typings cache: 'color-string' => '/Users/peterchoi/Library/Caches/typescript/4.5/node_modules/@types/color-string/index.d.ts'
[04:57:01.028] Adding entry into typings cache: 'combined-stream' => '/Users/peterchoi/Library/Caches/typescript/4.5/node_modules/@types/combined-stream/index.d.ts'
[04:57:01.029] Adding entry into typings cache: 'common-tags' => '/Users/peterchoi/Library/Caches/typescript/4.5/node_modules/@types/common-tags/index.d.ts'
[04:57:01.030] Adding entry into typings cache: 'commondir' => '/Users/peterchoi/Library/Caches/typescript/4.5/node_modules/@types/commondir/index.d.ts'
[04:57:01.034] Adding entry into typings cache: 'component-emitter' => '/Users/peterchoi/Library/Caches/typescript/4.5/node_modules/@types/component-emitter/index.d.ts'
[04:57:01.035] Adding entry into typings cache: 'compose-function' => '/Users/peterchoi/Library/Caches/typescript/4.5/node_modules/@types/compose-function/index.d.ts'
[04:57:01.036] Adding entry into typings cache: 'compressible' => '/Users/peterchoi/Library/Caches/typescript/4.5/node_modules/@types/compressible/index.d.ts'
[04:57:01.038] Adding entry into typings cache: 'compression' => '/Users/peterchoi/Library/Caches/typescript/4.5/node_modules/@types/compression/index.d.ts'
[04:57:01.039] Adding entry into typings cache: 'concat-map' => '/Users/peterchoi/Library/Caches/typescript/4.5/node_modules/@types/concat-map/index.d.ts'
[04:57:01.041] Adding entry into typings cache: 'concat-stream' => '/Users/peterchoi/Library/Caches/typescript/4.5/node_modules/@types/concat-stream/index.d.ts'
[04:57:01.042] Adding entry into typings cache: 'confusing-browser-globals' => '/Users/peterchoi/Library/Caches/typescript/4.5/node_modules/@types/confusing-browser-globals/index.d.ts'
[04:57:01.044] Adding entry into typings cache: 'connect-history-api-fallback' => '/Users/peterchoi/Library/Caches/typescript/4.5/node_modules/@types/connect-history-api-fallback/index.d.ts'
[04:57:01.047] Adding entry into typings cache: 'contains-path' => '/Users/peterchoi/Library/Caches/typescript/4.5/node_modules/@types/contains-path/index.d.ts'
[04:57:01.050] Adding entry into typings cache: 'content-disposition' => '/Users/peterchoi/Library/Caches/typescript/4.5/node_modules/@types/content-disposition/index.d.ts'
[04:57:01.051] Adding entry into typings cache: 'content-type' => '/Users/peterchoi/Library/Caches/typescript/4.5/node_modules/@types/content-type/index.d.ts'
[04:57:01.053] Adding entry into typings cache: 'convert-source-map' => '/Users/peterchoi/Library/Caches/typescript/4.5/node_modules/@types/convert-source-map/index.d.ts'
[04:57:01.056] Adding entry into typings cache: 'cookie' => '/Users/peterchoi/Library/Caches/typescript/4.5/node_modules/@types/cookie/index.d.ts'
[04:57:01.058] Adding entry into typings cache: 'cookie-signature' => '/Users/peterchoi/Library/Caches/typescript/4.5/node_modules/@types/cookie-signature/index.d.ts'
[04:57:01.059] Adding entry into typings cache: 'core-js' => '/Users/peterchoi/Library/Caches/typescript/4.5/node_modules/@types/core-js/index.d.ts'
[04:57:01.061] Adding entry into typings cache: 'create-hash' => '/Users/peterchoi/Library/Caches/typescript/4.5/node_modules/@types/create-hash/index.d.ts'
[04:57:01.063] Adding entry into typings cache: 'create-hmac' => '/Users/peterchoi/Library/Caches/typescript/4.5/node_modules/@types/create-hmac/index.d.ts'
[04:57:01.065] Adding entry into typings cache: 'cross-spawn' => '/Users/peterchoi/Library/Caches/typescript/4.5/node_modules/@types/cross-spawn/index.d.ts'
[04:57:01.066] Adding entry into typings cache: 'css' => '/Users/peterchoi/Library/Caches/typescript/4.5/node_modules/@types/css/index.d.ts'
[04:57:01.068] Adding entry into typings cache: 'css-declaration-sorter' => '/Users/peterchoi/Library/Caches/typescript/4.5/node_modules/@types/css-declaration-sorter/index.d.ts'
[04:57:01.069] Adding entry into typings cache: 'css-tree' => '/Users/peterchoi/Library/Caches/typescript/4.5/node_modules/@types/css-tree/index.d.ts'
[04:57:01.070] Adding entry into typings cache: 'cssesc' => '/Users/peterchoi/Library/Caches/typescript/4.5/node_modules/@types/cssesc/index.d.ts'
[04:57:01.071] Adding entry into typings cache: 'cssnano' => '/Users/peterchoi/Library/Caches/typescript/4.5/node_modules/@types/cssnano/index.d.ts'
[04:57:01.073] Adding entry into typings cache: 'csso' => '/Users/peterchoi/Library/Caches/typescript/4.5/node_modules/@types/csso/index.d.ts'
[04:57:01.074] Adding entry into typings cache: 'cssom' => '/Users/peterchoi/Library/Caches/typescript/4.5/node_modules/@types/cssom/index.d.ts'
[04:57:01.075] Adding entry into typings cache: 'cssstyle' => '/Users/peterchoi/Library/Caches/typescript/4.5/node_modules/@types/cssstyle/index.d.ts'
[04:57:01.077] Adding entry into typings cache: 'd' => '/Users/peterchoi/Library/Caches/typescript/4.5/node_modules/@types/d/index.d.ts'
[04:57:01.078] Adding entry into typings cache: 'damerau-levenshtein' => '/Users/peterchoi/Library/Caches/typescript/4.5/node_modules/@types/damerau-levenshtein/index.d.ts'
[04:57:01.079] Adding entry into typings cache: 'dashdash' => '/Users/peterchoi/Library/Caches/typescript/4.5/node_modules/@types/dashdash/index.d.ts'
[04:57:01.081] Adding entry into typings cache: 'data-urls' => '/Users/peterchoi/Library/Caches/typescript/4.5/node_modules/@types/data-urls/index.d.ts'
[04:57:01.086] Adding entry into typings cache: 'debug' => '/Users/peterchoi/Library/Caches/typescript/4.5/node_modules/@types/debug/index.d.ts'
[04:57:01.088] Adding entry into typings cache: 'decode-uri-component' => '/Users/peterchoi/Library/Caches/typescript/4.5/node_modules/@types/decode-uri-component/index.d.ts'
[04:57:01.089] Adding entry into typings cache: 'dedent' => '/Users/peterchoi/Library/Caches/typescript/4.5/node_modules/@types/dedent/index.d.ts'
[04:57:01.091] Adding entry into typings cache: 'deep-equal' => '/Users/peterchoi/Library/Caches/typescript/4.5/node_modules/@types/deep-equal/index.d.ts'
[04:57:01.093] Adding entry into typings cache: 'default-gateway' => '/Users/peterchoi/Library/Caches/typescript/4.5/node_modules/@types/default-gateway/index.d.ts'
[04:57:01.094] Adding entry into typings cache: 'define-properties' => '/Users/peterchoi/Library/Caches/typescript/4.5/node_modules/@types/define-properties/index.d.ts'
[04:57:01.096] Adding entry into typings cache: 'depd' => '/Users/peterchoi/Library/Caches/typescript/4.5/node_modules/@types/depd/index.d.ts'
[04:57:01.097] Adding entry into typings cache: 'destroy' => '/Users/peterchoi/Library/Caches/typescript/4.5/node_modules/@types/destroy/index.d.ts'
[04:57:01.098] Adding entry into typings cache: 'detect-node' => '/Users/peterchoi/Library/Caches/typescript/4.5/node_modules/@types/detect-node/index.d.ts'
[04:57:01.099] Adding entry into typings cache: 'diffie-hellman' => '/Users/peterchoi/Library/Caches/typescript/4.5/node_modules/@types/diffie-hellman/index.d.ts'
[04:57:01.100] Adding entry into typings cache: 'dir-glob' => '/Users/peterchoi/Library/Caches/typescript/4.5/node_modules/@types/dir-glob/index.d.ts'
[04:57:01.101] Adding entry into typings cache: 'dns-packet' => '/Users/peterchoi/Library/Caches/typescript/4.5/node_modules/@types/dns-packet/index.d.ts'
[04:57:01.102] Adding entry into typings cache: 'doctrine' => '/Users/peterchoi/Library/Caches/typescript/4.5/node_modules/@types/doctrine/index.d.ts'
[04:57:01.104] Adding entry into typings cache: 'domexception' => '/Users/peterchoi/Library/Caches/typescript/4.5/node_modules/@types/domexception/index.d.ts'
[04:57:01.106] Adding entry into typings cache: 'domhandler' => '/Users/peterchoi/Library/Caches/typescript/4.5/node_modules/@types/domhandler/index.d.ts'
[04:57:01.108] Adding entry into typings cache: 'domutils' => '/Users/peterchoi/Library/Caches/typescript/4.5/node_modules/@types/domutils/index.d.ts'
[04:57:01.109] Adding entry into typings cache: 'duplexify' => '/Users/peterchoi/Library/Caches/typescript/4.5/node_modules/@types/duplexify/index.d.ts'
[04:57:01.111] Adding entry into typings cache: 'ee-first' => '/Users/peterchoi/Library/Caches/typescript/4.5/node_modules/@types/ee-first/index.d.ts'
[04:57:01.112] Adding entry into typings cache: 'ejs' => '/Users/peterchoi/Library/Caches/typescript/4.5/node_modules/@types/ejs/index.d.ts'
[04:57:01.113] Adding entry into typings cache: 'elliptic' => '/Users/peterchoi/Library/Caches/typescript/4.5/node_modules/@types/elliptic/index.d.ts'
[04:57:01.115] Adding entry into typings cache: 'encodeurl' => '/Users/peterchoi/Library/Caches/typescript/4.5/node_modules/@types/encodeurl/index.d.ts'
[04:57:01.117] Adding entry into typings cache: 'end-of-stream' => '/Users/peterchoi/Library/Caches/typescript/4.5/node_modules/@types/end-of-stream/index.d.ts'
[04:57:01.119] Adding entry into typings cache: 'enhanced-resolve' => '/Users/peterchoi/Library/Caches/typescript/4.5/node_modules/enhanced-resolve/types.d.ts'
[04:57:01.120] Adding entry into typings cache: 'es-abstract' => '/Users/peterchoi/Library/Caches/typescript/4.5/node_modules/@types/es-abstract/index.d.ts'
[04:57:01.122] Adding entry into typings cache: 'es-to-primitive' => '/Users/peterchoi/Library/Caches/typescript/4.5/node_modules/@types/es-to-primitive/index.d.ts'
[04:57:01.124] Adding entry into typings cache: 'escape-html' => '/Users/peterchoi/Library/Caches/typescript/4.5/node_modules/@types/escape-html/index.d.ts'
[04:57:01.125] Adding entry into typings cache: 'escodegen' => '/Users/peterchoi/Library/Caches/typescript/4.5/node_modules/@types/escodegen/index.d.ts'
[04:57:01.127] Adding entry into typings cache: 'eslint' => '/Users/peterchoi/Library/Caches/typescript/4.5/node_modules/@types/eslint/index.d.ts'
[04:57:01.131] Adding entry into typings cache: 'eslint-scope' => '/Users/peterchoi/Library/Caches/typescript/4.5/node_modules/@types/eslint-scope/index.d.ts'
[04:57:01.133] Adding entry into typings cache: 'eslint-utils' => '/Users/peterchoi/Library/Caches/typescript/4.5/node_modules/@types/eslint-utils/index.d.ts'
[04:57:01.134] Adding entry into typings cache: 'eslint-visitor-keys' => '/Users/peterchoi/Library/Caches/typescript/4.5/node_modules/@types/eslint-visitor-keys/index.d.ts'
[04:57:01.136] Adding entry into typings cache: 'esprima' => '/Users/peterchoi/Library/Caches/typescript/4.5/node_modules/@types/esprima/index.d.ts'
[04:57:01.138] Adding entry into typings cache: 'esquery' => '/Users/peterchoi/Library/Caches/typescript/4.5/node_modules/@types/esquery/index.d.ts'
[04:57:01.141] Adding entry into typings cache: 'estraverse' => '/Users/peterchoi/Library/Caches/typescript/4.5/node_modules/@types/estraverse/index.d.ts'
[04:57:01.142] Adding entry into typings cache: 'esutils' => '/Users/peterchoi/Library/Caches/typescript/4.5/node_modules/@types/esutils/index.d.ts'
[04:57:01.145] Adding entry into typings cache: 'etag' => '/Users/peterchoi/Library/Caches/typescript/4.5/node_modules/@types/etag/index.d.ts'
[04:57:01.148] Adding entry into typings cache: 'events' => '/Users/peterchoi/Library/Caches/typescript/4.5/node_modules/@types/events/index.d.ts'
[04:57:01.151] Adding entry into typings cache: 'eventsource' => '/Users/peterchoi/Library/Caches/typescript/4.5/node_modules/@types/eventsource/index.d.ts'
[04:57:01.152] Adding entry into typings cache: 'exit' => '/Users/peterchoi/Library/Caches/typescript/4.5/node_modules/@types/exit/index.d.ts'
[04:57:01.155] Adding entry into typings cache: 'express' => '/Users/peterchoi/Library/Caches/typescript/4.5/node_modules/@types/express/index.d.ts'
[04:57:01.156] Adding entry into typings cache: 'extend' => '/Users/peterchoi/Library/Caches/typescript/4.5/node_modules/@types/extend/index.d.ts'
[04:57:01.157] Adding entry into typings cache: 'extsprintf' => '/Users/peterchoi/Library/Caches/typescript/4.5/node_modules/@types/extsprintf/index.d.ts'
[04:57:01.159] Adding entry into typings cache: 'fast-levenshtein' => '/Users/peterchoi/Library/Caches/typescript/4.5/node_modules/@types/fast-levenshtein/index.d.ts'
[04:57:01.160] Adding entry into typings cache: 'fb-watchman' => '/Users/peterchoi/Library/Caches/typescript/4.5/node_modules/@types/fb-watchman/index.d.ts'
[04:57:01.161] Adding entry into typings cache: 'file-entry-cache' => '/Users/peterchoi/Library/Caches/typescript/4.5/node_modules/@types/file-entry-cache/index.d.ts'
[04:57:01.162] Adding entry into typings cache: 'file-loader' => '/Users/peterchoi/Library/Caches/typescript/4.5/node_modules/@types/file-loader/index.d.ts'
[04:57:01.164] Adding entry into typings cache: 'fill-range' => '/Users/peterchoi/Library/Caches/typescript/4.5/node_modules/@types/fill-range/index.d.ts'
[04:57:01.166] Adding entry into typings cache: 'finalhandler' => '/Users/peterchoi/Library/Caches/typescript/4.5/node_modules/@types/finalhandler/index.d.ts'
[04:57:01.167] Adding entry into typings cache: 'find-cache-dir' => '/Users/peterchoi/Library/Caches/typescript/4.5/node_modules/@types/find-cache-dir/index.d.ts'
[04:57:01.169] Adding entry into typings cache: 'find-root' => '/Users/peterchoi/Library/Caches/typescript/4.5/node_modules/@types/find-root/index.d.ts'
[04:57:01.171] Adding entry into typings cache: 'flat-cache' => '/Users/peterchoi/Library/Caches/typescript/4.5/node_modules/@types/flat-cache/index.d.ts'
[04:57:01.172] Adding entry into typings cache: 'flush-write-stream' => '/Users/peterchoi/Library/Caches/typescript/4.5/node_modules/@types/flush-write-stream/index.d.ts'
[04:57:01.174] Adding entry into typings cache: 'follow-redirects' => '/Users/peterchoi/Library/Caches/typescript/4.5/node_modules/@types/follow-redirects/index.d.ts'
[04:57:01.175] Adding entry into typings cache: 'forever-agent' => '/Users/peterchoi/Library/Caches/typescript/4.5/node_modules/@types/forever-agent/index.d.ts'
[04:57:01.177] Adding entry into typings cache: 'forwarded' => '/Users/peterchoi/Library/Caches/typescript/4.5/node_modules/@types/forwarded/index.d.ts'
[04:57:01.178] Adding entry into typings cache: 'fresh' => '/Users/peterchoi/Library/Caches/typescript/4.5/node_modules/@types/fresh/index.d.ts'
[04:57:01.180] Adding entry into typings cache: 'from' => '/Users/peterchoi/Library/Caches/typescript/4.5/node_modules/@types/from/index.d.ts'
[04:57:01.181] Adding entry into typings cache: 'from2' => '/Users/peterchoi/Library/Caches/typescript/4.5/node_modules/@types/from2/index.d.ts'
[04:57:01.183] Adding entry into typings cache: 'fs-extra' => '/Users/peterchoi/Library/Caches/typescript/4.5/node_modules/@types/fs-extra/index.d.ts'
[04:57:01.185] Adding entry into typings cache: 'function-bind' => '/Users/peterchoi/Library/Caches/typescript/4.5/node_modules/@types/function-bind/index.d.ts'
[04:57:01.187] Adding entry into typings cache: 'functional-red-black-tree' => '/Users/peterchoi/Library/Caches/typescript/4.5/node_modules/@types/functional-red-black-tree/index.d.ts'
[04:57:01.188] Adding entry into typings cache: 'get-intrinsic' => '/Users/peterchoi/Library/Caches/typescript/4.5/node_modules/@types/get-intrinsic/index.d.ts'
[04:57:01.191] Adding entry into typings cache: 'get-value' => '/Users/peterchoi/Library/Caches/typescript/4.5/node_modules/@types/get-value/index.d.ts'
[04:57:01.193] Adding entry into typings cache: 'getpass' => '/Users/peterchoi/Library/Caches/typescript/4.5/node_modules/@types/getpass/index.d.ts'
[04:57:01.195] Adding entry into typings cache: 'glob' => '/Users/peterchoi/Library/Caches/typescript/4.5/node_modules/@types/glob/index.d.ts'
[04:57:01.198] Adding entry into typings cache: 'glob-parent' => '/Users/peterchoi/Library/Caches/typescript/4.5/node_modules/@types/glob-parent/index.d.ts'
[04:57:01.200] Adding entry into typings cache: 'global-modules' => '/Users/peterchoi/Library/Caches/typescript/4.5/node_modules/@types/global-modules/index.d.ts'
[04:57:01.201] Adding entry into typings cache: 'global-prefix' => '/Users/peterchoi/Library/Caches/typescript/4.5/node_modules/@types/global-prefix/index.d.ts'
[04:57:01.205] Adding entry into typings cache: 'graceful-fs' => '/Users/peterchoi/Library/Caches/typescript/4.5/node_modules/@types/graceful-fs/index.d.ts'
[04:57:01.206] Adding entry into typings cache: 'has' => '/Users/peterchoi/Library/Caches/typescript/4.5/node_modules/@types/has/index.d.ts'
[04:57:01.207] Adding entry into typings cache: 'has-symbols' => '/Users/peterchoi/Library/Caches/typescript/4.5/node_modules/@types/has-symbols/index.d.ts'
[04:57:01.208] Adding entry into typings cache: 'he' => '/Users/peterchoi/Library/Caches/typescript/4.5/node_modules/@types/he/index.d.ts'
[04:57:01.209] Adding entry into typings cache: 'hex-color-regex' => '/Users/peterchoi/Library/Caches/typescript/4.5/node_modules/@types/hex-color-regex/index.d.ts'
[04:57:01.210] Adding entry into typings cache: 'history' => '/Users/peterchoi/Library/Caches/typescript/4.5/node_modules/@types/history/index.d.ts'
[04:57:01.214] Adding entry into typings cache: 'hoist-non-react-statics' => '/Users/peterchoi/Library/Caches/typescript/4.5/node_modules/@types/hoist-non-react-statics/index.d.ts'
[04:57:01.215] Adding entry into typings cache: 'hosted-git-info' => '/Users/peterchoi/Library/Caches/typescript/4.5/node_modules/@types/hosted-git-info/index.d.ts'
[04:57:01.216] Adding entry into typings cache: 'html-encoding-sniffer' => '/Users/peterchoi/Library/Caches/typescript/4.5/node_modules/@types/html-encoding-sniffer/index.d.ts'
[04:57:01.218] Adding entry into typings cache: 'html-escaper' => '/Users/peterchoi/Library/Caches/typescript/4.5/node_modules/@types/html-escaper/index.d.ts'
[04:57:01.219] Adding entry into typings cache: 'html-minifier-terser' => '/Users/peterchoi/Library/Caches/typescript/4.5/node_modules/@types/html-minifier-terser/index.d.ts'
[04:57:01.220] Adding entry into typings cache: 'htmlparser2' => '/Users/peterchoi/Library/Caches/typescript/4.5/node_modules/@types/htmlparser2/index.d.ts'
[04:57:01.221] Adding entry into typings cache: 'http-errors' => '/Users/peterchoi/Library/Caches/typescript/4.5/node_modules/@types/http-errors/index.d.ts'
[04:57:01.223] Adding entry into typings cache: 'http-proxy' => '/Users/peterchoi/Library/Caches/typescript/4.5/node_modules/@types/http-proxy/index.d.ts'
[04:57:01.224] Adding entry into typings cache: 'icss-utils' => '/Users/peterchoi/Library/Caches/typescript/4.5/node_modules/@types/icss-utils/index.d.ts'
[04:57:01.226] Adding entry into typings cache: 'iferr' => '/Users/peterchoi/Library/Caches/typescript/4.5/node_modules/@types/iferr/index.d.ts'
[04:57:01.227] Adding entry into typings cache: 'imurmurhash' => '/Users/peterchoi/Library/Caches/typescript/4.5/node_modules/@types/imurmurhash/index.d.ts'
[04:57:01.231] Adding entry into typings cache: 'inherits' => '/Users/peterchoi/Library/Caches/typescript/4.5/node_modules/@types/inherits/index.d.ts'
[04:57:01.233] Adding entry into typings cache: 'ini' => '/Users/peterchoi/Library/Caches/typescript/4.5/node_modules/@types/ini/index.d.ts'
[04:57:01.234] Adding entry into typings cache: 'internal-slot' => '/Users/peterchoi/Library/Caches/typescript/4.5/node_modules/@types/internal-slot/index.d.ts'
[04:57:01.235] Adding entry into typings cache: 'ip' => '/Users/peterchoi/Library/Caches/typescript/4.5/node_modules/@types/ip/index.d.ts'
[04:57:01.235] Adding entry into typings cache: 'is-arguments' => '/Users/peterchoi/Library/Caches/typescript/4.5/node_modules/@types/is-arguments/index.d.ts'
[04:57:01.237] Adding entry into typings cache: 'is-bigint' => '/Users/peterchoi/Library/Caches/typescript/4.5/node_modules/@types/is-bigint/index.d.ts'
[04:57:01.238] Adding entry into typings cache: 'is-boolean-object' => '/Users/peterchoi/Library/Caches/typescript/4.5/node_modules/@types/is-boolean-object/index.d.ts'
[04:57:01.240] Adding entry into typings cache: 'is-buffer' => '/Users/peterchoi/Library/Caches/typescript/4.5/node_modules/@types/is-buffer/index.d.ts'
[04:57:01.241] Adding entry into typings cache: 'is-callable' => '/Users/peterchoi/Library/Caches/typescript/4.5/node_modules/@types/is-callable/index.d.ts'
[04:57:01.243] Adding entry into typings cache: 'is-ci' => '/Users/peterchoi/Library/Caches/typescript/4.5/node_modules/@types/is-ci/index.d.ts'
[04:57:01.244] Adding entry into typings cache: 'is-core-module' => '/Users/peterchoi/Library/Caches/typescript/4.5/node_modules/@types/is-core-module/index.d.ts'
[04:57:01.246] Adding entry into typings cache: 'is-data-descriptor' => '/Users/peterchoi/Library/Caches/typescript/4.5/node_modules/@types/is-data-descriptor/index.d.ts'
[04:57:01.248] Adding entry into typings cache: 'is-date-object' => '/Users/peterchoi/Library/Caches/typescript/4.5/node_modules/@types/is-date-object/index.d.ts'
[04:57:01.249] Adding entry into typings cache: 'is-glob' => '/Users/peterchoi/Library/Caches/typescript/4.5/node_modules/@types/is-glob/index.d.ts'
[04:57:01.251] Adding entry into typings cache: 'is-number' => '/Users/peterchoi/Library/Caches/typescript/4.5/node_modules/@types/is-number/index.d.ts'
[04:57:01.252] Adding entry into typings cache: 'is-regex' => '/Users/peterchoi/Library/Caches/typescript/4.5/node_modules/@types/is-regex/index.d.ts'
[04:57:01.254] Adding entry into typings cache: 'is-string' => '/Users/peterchoi/Library/Caches/typescript/4.5/node_modules/@types/is-string/index.d.ts'
[04:57:01.255] Adding entry into typings cache: 'is-typedarray' => '/Users/peterchoi/Library/Caches/typescript/4.5/node_modules/@types/is-typedarray/index.d.ts'
[04:57:01.257] Adding entry into typings cache: 'is-windows' => '/Users/peterchoi/Library/Caches/typescript/4.5/node_modules/@types/is-windows/index.d.ts'
[04:57:01.259] Adding entry into typings cache: 'isarray' => '/Users/peterchoi/Library/Caches/typescript/4.5/node_modules/@types/isarray/index.d.ts'
[04:57:01.261] Adding entry into typings cache: 'isexe' => '/Users/peterchoi/Library/Caches/typescript/4.5/node_modules/@types/isexe/index.d.ts'
[04:57:01.262] Adding entry into typings cache: 'isstream' => '/Users/peterchoi/Library/Caches/typescript/4.5/node_modules/@types/isstream/index.d.ts'
[04:57:01.263] Adding entry into typings cache: 'istanbul-lib-coverage' => '/Users/peterchoi/Library/Caches/typescript/4.5/node_modules/@types/istanbul-lib-coverage/index.d.ts'
[04:57:01.264] Adding entry into typings cache: 'istanbul-lib-instrument' => '/Users/peterchoi/Library/Caches/typescript/4.5/node_modules/@types/istanbul-lib-instrument/index.d.ts'
[04:57:01.266] Adding entry into typings cache: 'istanbul-lib-report' => '/Users/peterchoi/Library/Caches/typescript/4.5/node_modules/@types/istanbul-lib-report/index.d.ts'
[04:57:01.267] Adding entry into typings cache: 'istanbul-lib-source-maps' => '/Users/peterchoi/Library/Caches/typescript/4.5/node_modules/@types/istanbul-lib-source-maps/index.d.ts'
[04:57:01.268] Adding entry into typings cache: 'istanbul-reports' => '/Users/peterchoi/Library/Caches/typescript/4.5/node_modules/@types/istanbul-reports/index.d.ts'
[04:57:01.269] Adding entry into typings cache: 'js-yaml' => '/Users/peterchoi/Library/Caches/typescript/4.5/node_modules/@types/js-yaml/index.d.ts'
[04:57:01.271] Adding entry into typings cache: 'jsbn' => '/Users/peterchoi/Library/Caches/typescript/4.5/node_modules/@types/jsbn/index.d.ts'
[04:57:01.272] Adding entry into typings cache: 'jsdom' => '/Users/peterchoi/Library/Caches/typescript/4.5/node_modules/@types/jsdom/index.d.ts'
[04:57:01.273] Adding entry into typings cache: 'jsesc' => '/Users/peterchoi/Library/Caches/typescript/4.5/node_modules/@types/jsesc/index.d.ts'
[04:57:01.275] Adding entry into typings cache: 'json-parse-better-errors' => '/Users/peterchoi/Library/Caches/typescript/4.5/node_modules/@types/json-parse-better-errors/index.d.ts'
[04:57:01.276] Adding entry into typings cache: 'json-schema' => '/Users/peterchoi/Library/Caches/typescript/4.5/node_modules/@types/json-schema/index.d.ts'
[04:57:01.277] Adding entry into typings cache: 'json-stringify-safe' => '/Users/peterchoi/Library/Caches/typescript/4.5/node_modules/@types/json-stringify-safe/index.d.ts'
[04:57:01.279] Adding entry into typings cache: 'json3' => '/Users/peterchoi/Library/Caches/typescript/4.5/node_modules/@types/json3/index.d.ts'
[04:57:01.280] Adding entry into typings cache: 'jsonfile' => '/Users/peterchoi/Library/Caches/typescript/4.5/node_modules/@types/jsonfile/index.d.ts'
[04:57:01.281] Adding entry into typings cache: 'jsonwebtoken' => '/Users/peterchoi/Library/Caches/typescript/4.5/node_modules/@types/jsonwebtoken/index.d.ts'
[04:57:01.282] Adding entry into typings cache: 'jwa' => '/Users/peterchoi/Library/Caches/typescript/4.5/node_modules/@types/jwa/index.d.ts'
[04:57:01.283] Adding entry into typings cache: 'jws' => '/Users/peterchoi/Library/Caches/typescript/4.5/node_modules/@types/jws/index.d.ts'
[04:57:01.285] Adding entry into typings cache: 'kind-of' => '/Users/peterchoi/Library/Caches/typescript/4.5/node_modules/@types/kind-of/index.d.ts'
[04:57:01.285] Adding entry into typings cache: 'language-tags' => '/Users/peterchoi/Library/Caches/typescript/4.5/node_modules/@types/language-tags/index.d.ts'
[04:57:01.288] Adding entry into typings cache: 'loader-runner' => '/Users/peterchoi/Library/Caches/typescript/4.5/node_modules/@types/loader-runner/index.d.ts'
[04:57:01.289] Adding entry into typings cache: 'loader-utils' => '/Users/peterchoi/Library/Caches/typescript/4.5/node_modules/@types/loader-utils/index.d.ts'
[04:57:01.290] Adding entry into typings cache: 'lodash' => '/Users/peterchoi/Library/Caches/typescript/4.5/node_modules/@types/lodash/index.d.ts'
[04:57:01.292] Adding entry into typings cache: 'lodash.clonedeep' => '/Users/peterchoi/Library/Caches/typescript/4.5/node_modules/@types/lodash.clonedeep/index.d.ts'
[04:57:01.293] Adding entry into typings cache: 'lodash.debounce' => '/Users/peterchoi/Library/Caches/typescript/4.5/node_modules/@types/lodash.debounce/index.d.ts'
[04:57:01.294] Adding entry into typings cache: 'lodash.includes' => '/Users/peterchoi/Library/Caches/typescript/4.5/node_modules/@types/lodash.includes/index.d.ts'
[04:57:01.295] Adding entry into typings cache: 'lodash.isboolean' => '/Users/peterchoi/Library/Caches/typescript/4.5/node_modules/@types/lodash.isboolean/index.d.ts'
[04:57:01.297] Adding entry into typings cache: 'lodash.isinteger' => '/Users/peterchoi/Library/Caches/typescript/4.5/node_modules/@types/lodash.isinteger/index.d.ts'
[04:57:01.299] Adding entry into typings cache: 'lodash.isnumber' => '/Users/peterchoi/Library/Caches/typescript/4.5/node_modules/@types/lodash.isnumber/index.d.ts'
[04:57:01.300] Adding entry into typings cache: 'lodash.isplainobject' => '/Users/peterchoi/Library/Caches/typescript/4.5/node_modules/@types/lodash.isplainobject/index.d.ts'
[04:57:01.301] Adding entry into typings cache: 'lodash.isstring' => '/Users/peterchoi/Library/Caches/typescript/4.5/node_modules/@types/lodash.isstring/index.d.ts'
[04:57:01.303] Adding entry into typings cache: 'lodash.memoize' => '/Users/peterchoi/Library/Caches/typescript/4.5/node_modules/@types/lodash.memoize/index.d.ts'
[04:57:01.304] Adding entry into typings cache: 'lodash.merge' => '/Users/peterchoi/Library/Caches/typescript/4.5/node_modules/@types/lodash.merge/index.d.ts'
[04:57:01.305] Adding entry into typings cache: 'lodash.once' => '/Users/peterchoi/Library/Caches/typescript/4.5/node_modules/@types/lodash.once/index.d.ts'
[04:57:01.307] Adding entry into typings cache: 'lodash.sortby' => '/Users/peterchoi/Library/Caches/typescript/4.5/node_modules/@types/lodash.sortby/index.d.ts'
[04:57:01.308] Adding entry into typings cache: 'lodash.template' => '/Users/peterchoi/Library/Caches/typescript/4.5/node_modules/@types/lodash.template/index.d.ts'
[04:57:01.309] Adding entry into typings cache: 'lodash.truncate' => '/Users/peterchoi/Library/Caches/typescript/4.5/node_modules/@types/lodash.truncate/index.d.ts'
[04:57:01.310] Adding entry into typings cache: 'lodash.uniq' => '/Users/peterchoi/Library/Caches/typescript/4.5/node_modules/@types/lodash.uniq/index.d.ts'
[04:57:01.312] Adding entry into typings cache: 'lru-cache' => '/Users/peterchoi/Library/Caches/typescript/4.5/node_modules/@types/lru-cache/index.d.ts'
[04:57:01.313] Adding entry into typings cache: 'lz-string' => '/Users/peterchoi/Library/Caches/typescript/4.5/node_modules/@types/lz-string/index.d.ts'
[04:57:01.314] Adding entry into typings cache: 'media-typer' => '/Users/peterchoi/Library/Caches/typescript/4.5/node_modules/@types/media-typer/index.d.ts'
[04:57:01.315] Adding entry into typings cache: 'memory-fs' => '/Users/peterchoi/Library/Caches/typescript/4.5/node_modules/@types/memory-fs/index.d.ts'
[04:57:01.316] Adding entry into typings cache: 'merge-descriptors' => '/Users/peterchoi/Library/Caches/typescript/4.5/node_modules/@types/merge-descriptors/index.d.ts'
[04:57:01.318] Adding entry into typings cache: 'merge-stream' => '/Users/peterchoi/Library/Caches/typescript/4.5/node_modules/@types/merge-stream/index.d.ts'
[04:57:01.319] Adding entry into typings cache: 'merge2' => '/Users/peterchoi/Library/Caches/typescript/4.5/node_modules/@types/merge2/index.d.ts'
[04:57:01.320] Adding entry into typings cache: 'methods' => '/Users/peterchoi/Library/Caches/typescript/4.5/node_modules/@types/methods/index.d.ts'
[04:57:01.322] Adding entry into typings cache: 'micromatch' => '/Users/peterchoi/Library/Caches/typescript/4.5/node_modules/@types/micromatch/index.d.ts'
[04:57:01.323] Adding entry into typings cache: 'mime' => '/Users/peterchoi/Library/Caches/typescript/4.5/node_modules/@types/mime/index.d.ts'
[04:57:01.325] Adding entry into typings cache: 'mime-db' => '/Users/peterchoi/Library/Caches/typescript/4.5/node_modules/@types/mime-db/index.d.ts'
[04:57:01.327] Adding entry into typings cache: 'mime-types' => '/Users/peterchoi/Library/Caches/typescript/4.5/node_modules/@types/mime-types/index.d.ts'
[04:57:01.328] Adding entry into typings cache: 'min-indent' => '/Users/peterchoi/Library/Caches/typescript/4.5/node_modules/@types/min-indent/index.d.ts'
[04:57:01.329] Adding entry into typings cache: 'mini-css-extract-plugin' => '/Users/peterchoi/Library/Caches/typescript/4.5/node_modules/@types/mini-css-extract-plugin/index.d.ts'
[04:57:01.330] Adding entry into typings cache: 'minimalistic-assert' => '/Users/peterchoi/Library/Caches/typescript/4.5/node_modules/@types/minimalistic-assert/index.d.ts'
[04:57:01.331] Adding entry into typings cache: 'minimatch' => '/Users/peterchoi/Library/Caches/typescript/4.5/node_modules/@types/minimatch/index.d.ts'
[04:57:01.332] Adding entry into typings cache: 'minimist' => '/Users/peterchoi/Library/Caches/typescript/4.5/node_modules/@types/minimist/index.d.ts'
[04:57:01.333] Adding entry into typings cache: 'minipass' => '/Users/peterchoi/Library/Caches/typescript/4.5/node_modules/@types/minipass/index.d.ts'
[04:57:01.335] Adding entry into typings cache: 'minizlib' => '/Users/peterchoi/Library/Caches/typescript/4.5/node_modules/@types/minizlib/index.d.ts'
[04:57:01.336] Adding entry into typings cache: 'mkdirp' => '/Users/peterchoi/Library/Caches/typescript/4.5/node_modules/@types/mkdirp/index.d.ts'
[04:57:01.337] Adding entry into typings cache: 'move-concurrently' => '/Users/peterchoi/Library/Caches/typescript/4.5/node_modules/@types/move-concurrently/index.d.ts'
[04:57:01.340] Adding entry into typings cache: 'ms' => '/Users/peterchoi/Library/Caches/typescript/4.5/node_modules/@types/ms/index.d.ts'
[04:57:01.341] Adding entry into typings cache: 'multicast-dns' => '/Users/peterchoi/Library/Caches/typescript/4.5/node_modules/@types/multicast-dns/index.d.ts'
[04:57:01.342] Adding entry into typings cache: 'natural-compare' => '/Users/peterchoi/Library/Caches/typescript/4.5/node_modules/@types/natural-compare/index.d.ts'
[04:57:01.343] Adding entry into typings cache: 'negotiator' => '/Users/peterchoi/Library/Caches/typescript/4.5/node_modules/@types/negotiator/index.d.ts'
[04:57:01.344] Adding entry into typings cache: 'next-tick' => '/Users/peterchoi/Library/Caches/typescript/4.5/node_modules/@types/next-tick/index.d.ts'
[04:57:01.346] Adding entry into typings cache: 'nice-try' => '/Users/peterchoi/Library/Caches/typescript/4.5/node_modules/@types/nice-try/index.d.ts'
[04:57:01.348] Adding entry into typings cache: 'node' => '/Users/peterchoi/Library/Caches/typescript/4.5/node_modules/@types/node/index.d.ts'
[04:57:01.349] Adding entry into typings cache: 'node-forge' => '/Users/peterchoi/Library/Caches/typescript/4.5/node_modules/@types/node-forge/index.d.ts'
[04:57:01.350] Adding entry into typings cache: 'node-int64' => '/Users/peterchoi/Library/Caches/typescript/4.5/node_modules/@types/node-int64/index.d.ts'
[04:57:01.351] Adding entry into typings cache: 'node-notifier' => '/Users/peterchoi/Library/Caches/typescript/4.5/node_modules/@types/node-notifier/index.d.ts'
[04:57:01.352] Adding entry into typings cache: 'normalize-package-data' => '/Users/peterchoi/Library/Caches/typescript/4.5/node_modules/@types/normalize-package-data/index.d.ts'
[04:57:01.356] Adding entry into typings cache: 'normalize-path' => '/Users/peterchoi/Library/Caches/typescript/4.5/node_modules/@types/normalize-path/index.d.ts'
[04:57:01.357] Adding entry into typings cache: 'num2fraction' => '/Users/peterchoi/Library/Caches/typescript/4.5/node_modules/@types/num2fraction/index.d.ts'
[04:57:01.358] Adding entry into typings cache: 'nwsapi' => '/Users/peterchoi/Library/Caches/typescript/4.5/node_modules/@types/nwsapi/index.d.ts'
[04:57:01.359] Adding entry into typings cache: 'object-assign' => '/Users/peterchoi/Library/Caches/typescript/4.5/node_modules/@types/object-assign/index.d.ts'
[04:57:01.360] Adding entry into typings cache: 'object-inspect' => '/Users/peterchoi/Library/Caches/typescript/4.5/node_modules/@types/object-inspect/index.d.ts'
[04:57:01.361] Adding entry into typings cache: 'object-keys' => '/Users/peterchoi/Library/Caches/typescript/4.5/node_modules/@types/object-keys/index.d.ts'
[04:57:01.362] Adding entry into typings cache: 'object.fromentries' => '/Users/peterchoi/Library/Caches/typescript/4.5/node_modules/@types/object.fromentries/index.d.ts'
[04:57:01.363] Adding entry into typings cache: 'object.getownpropertydescriptors' => '/Users/peterchoi/Library/Caches/typescript/4.5/node_modules/@types/object.getownpropertydescriptors/index.d.ts'
[04:57:01.366] Adding entry into typings cache: 'object.pick' => '/Users/peterchoi/Library/Caches/typescript/4.5/node_modules/@types/object.pick/index.d.ts'
[04:57:01.367] Adding entry into typings cache: 'on-finished' => '/Users/peterchoi/Library/Caches/typescript/4.5/node_modules/@types/on-finished/index.d.ts'
[04:57:01.369] Adding entry into typings cache: 'on-headers' => '/Users/peterchoi/Library/Caches/typescript/4.5/node_modules/@types/on-headers/index.d.ts'
[04:57:01.370] Adding entry into typings cache: 'once' => '/Users/peterchoi/Library/Caches/typescript/4.5/node_modules/@types/once/index.d.ts'
[04:57:01.371] Adding entry into typings cache: 'optimize-css-assets-webpack-plugin' => '/Users/peterchoi/Library/Caches/typescript/4.5/node_modules/@types/optimize-css-assets-webpack-plugin/index.d.ts'
[04:57:01.373] Adding entry into typings cache: 'original' => '/Users/peterchoi/Library/Caches/typescript/4.5/node_modules/@types/original/index.d.ts'
[04:57:01.374] Adding entry into typings cache: 'page' => '/Users/peterchoi/Library/Caches/typescript/4.5/node_modules/@types/page/index.d.ts'
[04:57:01.375] Adding entry into typings cache: 'pako' => '/Users/peterchoi/Library/Caches/typescript/4.5/node_modules/@types/pako/index.d.ts'
[04:57:01.377] Adding entry into typings cache: 'parallel-transform' => '/Users/peterchoi/Library/Caches/typescript/4.5/node_modules/@types/parallel-transform/index.d.ts'
[04:57:01.378] Adding entry into typings cache: 'parse-json' => '/Users/peterchoi/Library/Caches/typescript/4.5/node_modules/@types/parse-json/index.d.ts'
[04:57:01.379] Adding entry into typings cache: 'parse5' => '/Users/peterchoi/Library/Caches/typescript/4.5/node_modules/@types/parse5/index.d.ts'
[04:57:01.381] Adding entry into typings cache: 'parseurl' => '/Users/peterchoi/Library/Caches/typescript/4.5/node_modules/@types/parseurl/index.d.ts'
[04:57:01.383] Adding entry into typings cache: 'pascalcase' => '/Users/peterchoi/Library/Caches/typescript/4.5/node_modules/@types/pascalcase/index.d.ts'
[04:57:01.384] Adding entry into typings cache: 'path-browserify' => '/Users/peterchoi/Library/Caches/typescript/4.5/node_modules/@types/path-browserify/index.d.ts'
[04:57:01.385] Adding entry into typings cache: 'path-is-absolute' => '/Users/peterchoi/Library/Caches/typescript/4.5/node_modules/@types/path-is-absolute/index.d.ts'
[04:57:01.386] Adding entry into typings cache: 'path-is-inside' => '/Users/peterchoi/Library/Caches/typescript/4.5/node_modules/@types/path-is-inside/index.d.ts'
[04:57:01.387] Adding entry into typings cache: 'path-parse' => '/Users/peterchoi/Library/Caches/typescript/4.5/node_modules/@types/path-parse/index.d.ts'
[04:57:01.388] Adding entry into typings cache: 'pbkdf2' => '/Users/peterchoi/Library/Caches/typescript/4.5/node_modules/@types/pbkdf2/index.d.ts'
[04:57:01.390] Adding entry into typings cache: 'picomatch' => '/Users/peterchoi/Library/Caches/typescript/4.5/node_modules/@types/picomatch/index.d.ts'
[04:57:01.391] Adding entry into typings cache: 'pify' => '/Users/peterchoi/Library/Caches/typescript/4.5/node_modules/@types/pify/index.d.ts'
[04:57:01.393] Adding entry into typings cache: 'postcss-calc' => '/Users/peterchoi/Library/Caches/typescript/4.5/node_modules/@types/postcss-calc/index.d.ts'
[04:57:01.393] Adding entry into typings cache: 'postcss-flexbugs-fixes' => '/Users/peterchoi/Library/Caches/typescript/4.5/node_modules/@types/postcss-flexbugs-fixes/index.d.ts'
[04:57:01.394] Adding entry into typings cache: 'postcss-gap-properties' => '/Users/peterchoi/Library/Caches/typescript/4.5/node_modules/@types/postcss-gap-properties/index.d.ts'
[04:57:01.395] Adding entry into typings cache: 'postcss-modules-extract-imports' => '/Users/peterchoi/Library/Caches/typescript/4.5/node_modules/@types/postcss-modules-extract-imports/index.d.ts'
[04:57:01.396] Adding entry into typings cache: 'postcss-modules-local-by-default' => '/Users/peterchoi/Library/Caches/typescript/4.5/node_modules/@types/postcss-modules-local-by-default/index.d.ts'
[04:57:01.397] Adding entry into typings cache: 'postcss-modules-scope' => '/Users/peterchoi/Library/Caches/typescript/4.5/node_modules/@types/postcss-modules-scope/index.d.ts'
[04:57:01.398] Adding entry into typings cache: 'postcss-modules-values' => '/Users/peterchoi/Library/Caches/typescript/4.5/node_modules/@types/postcss-modules-values/index.d.ts'
[04:57:01.399] Adding entry into typings cache: 'postcss-normalize' => '/Users/peterchoi/Library/Caches/typescript/4.5/node_modules/@types/postcss-normalize/index.d.ts'
[04:57:01.400] Adding entry into typings cache: 'postcss-preset-env' => '/Users/peterchoi/Library/Caches/typescript/4.5/node_modules/@types/postcss-preset-env/index.d.ts'
[04:57:01.401] Adding entry into typings cache: 'postcss-safe-parser' => '/Users/peterchoi/Library/Caches/typescript/4.5/node_modules/@types/postcss-safe-parser/index.d.ts'
[04:57:01.402] Adding entry into typings cache: 'prelude-ls' => '/Users/peterchoi/Library/Caches/typescript/4.5/node_modules/@types/prelude-ls/index.d.ts'
[04:57:01.403] Adding entry into typings cache: 'progress' => '/Users/peterchoi/Library/Caches/typescript/4.5/node_modules/@types/progress/index.d.ts'
[04:57:01.404] Adding entry into typings cache: 'promise-inflight' => '/Users/peterchoi/Library/Caches/typescript/4.5/node_modules/@types/promise-inflight/index.d.ts'
[04:57:01.405] Adding entry into typings cache: 'prompts' => '/Users/peterchoi/Library/Caches/typescript/4.5/node_modules/@types/prompts/index.d.ts'
[04:57:01.406] Adding entry into typings cache: 'prop-types' => '/Users/peterchoi/Library/Caches/typescript/4.5/node_modules/@types/prop-types/index.d.ts'
[04:57:01.408] Adding entry into typings cache: 'proxy-addr' => '/Users/peterchoi/Library/Caches/typescript/4.5/node_modules/@types/proxy-addr/index.d.ts'
[04:57:01.409] Adding entry into typings cache: 'psl' => '/Users/peterchoi/Library/Caches/typescript/4.5/node_modules/@types/psl/index.d.ts'
[04:57:01.410] Adding entry into typings cache: 'pump' => '/Users/peterchoi/Library/Caches/typescript/4.5/node_modules/@types/pump/index.d.ts'
[04:57:01.411] Adding entry into typings cache: 'pumpify' => '/Users/peterchoi/Library/Caches/typescript/4.5/node_modules/@types/pumpify/index.d.ts'
[04:57:01.414] Adding entry into typings cache: 'punycode' => '/Users/peterchoi/Library/Caches/typescript/4.5/node_modules/@types/punycode/index.d.ts'
[04:57:01.415] Adding entry into typings cache: 'q' => '/Users/peterchoi/Library/Caches/typescript/4.5/node_modules/@types/q/index.d.ts'
[04:57:01.417] Adding entry into typings cache: 'qs' => '/Users/peterchoi/Library/Caches/typescript/4.5/node_modules/@types/qs/index.d.ts'
[04:57:01.418] Adding entry into typings cache: 'querystringify' => '/Users/peterchoi/Library/Caches/typescript/4.5/node_modules/@types/querystringify/index.d.ts'
[04:57:01.419] Adding entry into typings cache: 'raf' => '/Users/peterchoi/Library/Caches/typescript/4.5/node_modules/@types/raf/index.d.ts'
[04:57:01.421] Adding entry into typings cache: 'randombytes' => '/Users/peterchoi/Library/Caches/typescript/4.5/node_modules/@types/randombytes/index.d.ts'
[04:57:01.422] Adding entry into typings cache: 'range-parser' => '/Users/peterchoi/Library/Caches/typescript/4.5/node_modules/@types/range-parser/index.d.ts'
[04:57:01.424] Adding entry into typings cache: 'react' => '/Users/peterchoi/Library/Caches/typescript/4.5/node_modules/@types/react/index.d.ts'
[04:57:01.425] Adding entry into typings cache: 'react-dev-utils' => '/Users/peterchoi/Library/Caches/typescript/4.5/node_modules/@types/react-dev-utils/index.d.ts'
[04:57:01.426] Adding entry into typings cache: 'react-dom' => '/Users/peterchoi/Library/Caches/typescript/4.5/node_modules/@types/react-dom/index.d.ts'
[04:57:01.427] Adding entry into typings cache: 'react-is' => '/Users/peterchoi/Library/Caches/typescript/4.5/node_modules/@types/react-is/index.d.ts'
[04:57:01.429] Adding entry into typings cache: 'react-router' => '/Users/peterchoi/Library/Caches/typescript/4.5/node_modules/@types/react-router/index.d.ts'
[04:57:01.430] Adding entry into typings cache: 'react-router-dom' => '/Users/peterchoi/Library/Caches/typescript/4.5/node_modules/@types/react-router-dom/index.d.ts'
[04:57:01.432] Adding entry into typings cache: 'readable-stream' => '/Users/peterchoi/Library/Caches/typescript/4.5/node_modules/@types/readable-stream/index.d.ts'
[04:57:01.433] Adding entry into typings cache: 'recursive-readdir' => '/Users/peterchoi/Library/Caches/typescript/4.5/node_modules/@types/recursive-readdir/index.d.ts'
[04:57:01.434] Adding entry into typings cache: 'regenerate' => '/Users/peterchoi/Library/Caches/typescript/4.5/node_modules/@types/regenerate/index.d.ts'
[04:57:01.435] Adding entry into typings cache: 'regenerator-runtime' => '/Users/peterchoi/Library/Caches/typescript/4.5/node_modules/@types/regenerator-runtime/index.d.ts'
[04:57:01.438] Adding entry into typings cache: 'regex-not' => '/Users/peterchoi/Library/Caches/typescript/4.5/node_modules/@types/regex-not/index.d.ts'
[04:57:01.439] Adding entry into typings cache: 'relateurl' => '/Users/peterchoi/Library/Caches/typescript/4.5/node_modules/@types/relateurl/index.d.ts'
[04:57:01.441] Adding entry into typings cache: 'repeat-element' => '/Users/peterchoi/Library/Caches/typescript/4.5/node_modules/@types/repeat-element/index.d.ts'
[04:57:01.443] Adding entry into typings cache: 'repeat-string' => '/Users/peterchoi/Library/Caches/typescript/4.5/node_modules/@types/repeat-string/index.d.ts'
[04:57:01.444] Adding entry into typings cache: 'request' => '/Users/peterchoi/Library/Caches/typescript/4.5/node_modules/@types/request/index.d.ts'
[04:57:01.445] Adding entry into typings cache: 'request-promise-native' => '/Users/peterchoi/Library/Caches/typescript/4.5/node_modules/@types/request-promise-native/index.d.ts'
[04:57:01.447] Adding entry into typings cache: 'require-directory' => '/Users/peterchoi/Library/Caches/typescript/4.5/node_modules/@types/require-directory/index.d.ts'
[04:57:01.447] Adding entry into typings cache: 'require-from-string' => '/Users/peterchoi/Library/Caches/typescript/4.5/node_modules/@types/require-from-string/index.d.ts'
[04:57:01.450] Adding entry into typings cache: 'requires-port' => '/Users/peterchoi/Library/Caches/typescript/4.5/node_modules/@types/requires-port/index.d.ts'
[04:57:01.450] Adding entry into typings cache: 'resolve' => '/Users/peterchoi/Library/Caches/typescript/4.5/node_modules/@types/resolve/index.d.ts'
[04:57:01.452] Adding entry into typings cache: 'retry' => '/Users/peterchoi/Library/Caches/typescript/4.5/node_modules/@types/retry/index.d.ts'
[04:57:01.452] Adding entry into typings cache: 'rimraf' => '/Users/peterchoi/Library/Caches/typescript/4.5/node_modules/@types/rimraf/index.d.ts'
[04:57:01.454] Adding entry into typings cache: 'ripemd160' => '/Users/peterchoi/Library/Caches/typescript/4.5/node_modules/@types/ripemd160/index.d.ts'
[04:57:01.455] Adding entry into typings cache: 'rsvp' => '/Users/peterchoi/Library/Caches/typescript/4.5/node_modules/@types/rsvp/index.d.ts'
[04:57:01.456] Adding entry into typings cache: 'run-parallel' => '/Users/peterchoi/Library/Caches/typescript/4.5/node_modules/@types/run-parallel/index.d.ts'
[04:57:01.457] Adding entry into typings cache: 'safe-regex' => '/Users/peterchoi/Library/Caches/typescript/4.5/node_modules/@types/safe-regex/index.d.ts'
[04:57:01.458] Adding entry into typings cache: 'safer-buffer' => '/Users/peterchoi/Library/Caches/typescript/4.5/node_modules/@types/safer-buffer/index.d.ts'
[04:57:01.459] Adding entry into typings cache: 'sane' => '/Users/peterchoi/Library/Caches/typescript/4.5/node_modules/@types/sane/index.d.ts'
[04:57:01.461] Adding entry into typings cache: 'sass-loader' => '/Users/peterchoi/Library/Caches/typescript/4.5/node_modules/@types/sass-loader/index.d.ts'
[04:57:01.462] Adding entry into typings cache: 'sax' => '/Users/peterchoi/Library/Caches/typescript/4.5/node_modules/@types/sax/index.d.ts'
[04:57:01.462] Adding entry into typings cache: 'scheduler' => '/Users/peterchoi/Library/Caches/typescript/4.5/node_modules/@types/scheduler/index.d.ts'
[04:57:01.464] Adding entry into typings cache: 'semver' => '/Users/peterchoi/Library/Caches/typescript/4.5/node_modules/@types/semver/index.d.ts'
[04:57:01.466] Adding entry into typings cache: 'send' => '/Users/peterchoi/Library/Caches/typescript/4.5/node_modules/@types/send/index.d.ts'
[04:57:01.467] Adding entry into typings cache: 'serialize-javascript' => '/Users/peterchoi/Library/Caches/typescript/4.5/node_modules/@types/serialize-javascript/index.d.ts'
[04:57:01.468] Adding entry into typings cache: 'serve-index' => '/Users/peterchoi/Library/Caches/typescript/4.5/node_modules/@types/serve-index/index.d.ts'
[04:57:01.469] Adding entry into typings cache: 'serve-static' => '/Users/peterchoi/Library/Caches/typescript/4.5/node_modules/@types/serve-static/index.d.ts'
[04:57:01.471] Adding entry into typings cache: 'set-value' => '/Users/peterchoi/Library/Caches/typescript/4.5/node_modules/@types/set-value/index.d.ts'
[04:57:01.472] Adding entry into typings cache: 'setimmediate' => '/Users/peterchoi/Library/Caches/typescript/4.5/node_modules/@types/setimmediate/index.d.ts'
[04:57:01.474] Adding entry into typings cache: 'sha.js' => '/Users/peterchoi/Library/Caches/typescript/4.5/node_modules/@types/sha.js/index.d.ts'
[04:57:01.475] Adding entry into typings cache: 'shebang-command' => '/Users/peterchoi/Library/Caches/typescript/4.5/node_modules/@types/shebang-command/index.d.ts'
[04:57:01.476] Adding entry into typings cache: 'shell-quote' => '/Users/peterchoi/Library/Caches/typescript/4.5/node_modules/@types/shell-quote/index.d.ts'
[04:57:01.477] Adding entry into typings cache: 'signal-exit' => '/Users/peterchoi/Library/Caches/typescript/4.5/node_modules/@types/signal-exit/index.d.ts'
[04:57:01.478] Adding entry into typings cache: 'simple-swizzle' => '/Users/peterchoi/Library/Caches/typescript/4.5/node_modules/@types/simple-swizzle/index.d.ts'
[04:57:01.479] Adding entry into typings cache: 'slice-ansi' => '/Users/peterchoi/Library/Caches/typescript/4.5/node_modules/@types/slice-ansi/index.d.ts'
[04:57:01.480] Adding entry into typings cache: 'sockjs' => '/Users/peterchoi/Library/Caches/typescript/4.5/node_modules/@types/sockjs/index.d.ts'
[04:57:01.481] Adding entry into typings cache: 'sockjs-client' => '/Users/peterchoi/Library/Caches/typescript/4.5/node_modules/@types/sockjs-client/index.d.ts'
[04:57:01.483] Adding entry into typings cache: 'source-list-map' => '/Users/peterchoi/Library/Caches/typescript/4.5/node_modules/@types/source-list-map/index.d.ts'
[04:57:01.485] Adding entry into typings cache: 'source-map-support' => '/Users/peterchoi/Library/Caches/typescript/4.5/node_modules/@types/source-map-support/index.d.ts'
[04:57:01.486] Adding entry into typings cache: 'spdx-correct' => '/Users/peterchoi/Library/Caches/typescript/4.5/node_modules/@types/spdx-correct/index.d.ts'
[04:57:01.487] Adding entry into typings cache: 'spdx-expression-parse' => '/Users/peterchoi/Library/Caches/typescript/4.5/node_modules/@types/spdx-expression-parse/index.d.ts'
[04:57:01.488] Adding entry into typings cache: 'spdy' => '/Users/peterchoi/Library/Caches/typescript/4.5/node_modules/@types/spdy/index.d.ts'
[04:57:01.489] Adding entry into typings cache: 'sprintf' => '/Users/peterchoi/Library/Caches/typescript/4.5/node_modules/@types/sprintf/index.d.ts'
[04:57:01.490] Adding entry into typings cache: 'sprintf-js' => '/Users/peterchoi/Library/Caches/typescript/4.5/node_modules/@types/sprintf-js/index.d.ts'
[04:57:01.491] Adding entry into typings cache: 'sshpk' => '/Users/peterchoi/Library/Caches/typescript/4.5/node_modules/@types/sshpk/index.d.ts'
[04:57:01.492] Adding entry into typings cache: 'ssri' => '/Users/peterchoi/Library/Caches/typescript/4.5/node_modules/@types/ssri/index.d.ts'
[04:57:01.493] Adding entry into typings cache: 'stack-utils' => '/Users/peterchoi/Library/Caches/typescript/4.5/node_modules/@types/stack-utils/index.d.ts'
[04:57:01.494] Adding entry into typings cache: 'statuses' => '/Users/peterchoi/Library/Caches/typescript/4.5/node_modules/@types/statuses/index.d.ts'
[04:57:01.495] Adding entry into typings cache: 'stream-each' => '/Users/peterchoi/Library/Caches/typescript/4.5/node_modules/@types/stream-each/index.d.ts'
[04:57:01.497] Adding entry into typings cache: 'stream-shift' => '/Users/peterchoi/Library/Caches/typescript/4.5/node_modules/@types/stream-shift/index.d.ts'
[04:57:01.498] Adding entry into typings cache: 'strict-uri-encode' => '/Users/peterchoi/Library/Caches/typescript/4.5/node_modules/@types/strict-uri-encode/index.d.ts'
[04:57:01.499] Adding entry into typings cache: 'string-natural-compare' => '/Users/peterchoi/Library/Caches/typescript/4.5/node_modules/@types/string-natural-compare/index.d.ts'
[04:57:01.501] Adding entry into typings cache: 'string.prototype.matchall' => '/Users/peterchoi/Library/Caches/typescript/4.5/node_modules/@types/string.prototype.matchall/index.d.ts'
[04:57:01.502] Adding entry into typings cache: 'stringify-object' => '/Users/peterchoi/Library/Caches/typescript/4.5/node_modules/@types/stringify-object/index.d.ts'
[04:57:01.503] Adding entry into typings cache: 'strip-comments' => '/Users/peterchoi/Library/Caches/typescript/4.5/node_modules/@types/strip-comments/index.d.ts'
[04:57:01.504] Adding entry into typings cache: 'strip-final-newline' => '/Users/peterchoi/Library/Caches/typescript/4.5/node_modules/@types/strip-final-newline/index.d.ts'
[04:57:01.505] Adding entry into typings cache: 'stylis' => '/Users/peterchoi/Library/Caches/typescript/4.5/node_modules/@types/stylis/index.d.ts'
[04:57:01.507] Adding entry into typings cache: 'supports-color' => '/Users/peterchoi/Library/Caches/typescript/4.5/node_modules/@types/supports-color/index.d.ts'
[04:57:01.508] Adding entry into typings cache: 'svg-parser' => '/Users/peterchoi/Library/Caches/typescript/4.5/node_modules/@types/svg-parser/index.d.ts'
[04:57:01.509] Adding entry into typings cache: 'svgo' => '/Users/peterchoi/Library/Caches/typescript/4.5/node_modules/@types/svgo/index.d.ts'
[04:57:01.510] Adding entry into typings cache: 'symbol-tree' => '/Users/peterchoi/Library/Caches/typescript/4.5/node_modules/@types/symbol-tree/index.d.ts'
[04:57:01.513] Adding entry into typings cache: 'tapable' => '/Users/peterchoi/Library/Caches/typescript/4.5/node_modules/tapable/tapable.d.ts'
[04:57:01.514] Adding entry into typings cache: 'tar' => '/Users/peterchoi/Library/Caches/typescript/4.5/node_modules/@types/tar/index.d.ts'
[04:57:01.515] Adding entry into typings cache: 'testing-library__jest-dom' => '/Users/peterchoi/Library/Caches/typescript/4.5/node_modules/@types/testing-library__jest-dom/index.d.ts'
[04:57:01.516] Adding entry into typings cache: 'text-table' => '/Users/peterchoi/Library/Caches/typescript/4.5/node_modules/@types/text-table/index.d.ts'
[04:57:01.518] Adding entry into typings cache: 'through2' => '/Users/peterchoi/Library/Caches/typescript/4.5/node_modules/@types/through2/index.d.ts'
[04:57:01.519] Adding entry into typings cache: 'thunky' => '/Users/peterchoi/Library/Caches/typescript/4.5/node_modules/@types/thunky/index.d.ts'
[04:57:01.520] Adding entry into typings cache: 'timsort' => '/Users/peterchoi/Library/Caches/typescript/4.5/node_modules/@types/timsort/index.d.ts'
[04:57:01.521] Adding entry into typings cache: 'tmpl' => '/Users/peterchoi/Library/Caches/typescript/4.5/node_modules/@types/tmpl/index.d.ts'
[04:57:01.523] Adding entry into typings cache: 'to-regex' => '/Users/peterchoi/Library/Caches/typescript/4.5/node_modules/@types/to-regex/index.d.ts'
[04:57:01.525] Adding entry into typings cache: 'to-regex-range' => '/Users/peterchoi/Library/Caches/typescript/4.5/node_modules/@types/to-regex-range/index.d.ts'
[04:57:01.527] Adding entry into typings cache: 'tough-cookie' => '/Users/peterchoi/Library/Caches/typescript/4.5/node_modules/@types/tough-cookie/index.d.ts'
[04:57:01.528] Adding entry into typings cache: 'tryer' => '/Users/peterchoi/Library/Caches/typescript/4.5/node_modules/@types/tryer/index.d.ts'
[04:57:01.529] Adding entry into typings cache: 'type-check' => '/Users/peterchoi/Library/Caches/typescript/4.5/node_modules/@types/type-check/index.d.ts'
[04:57:01.530] Adding entry into typings cache: 'type-detect' => '/Users/peterchoi/Library/Caches/typescript/4.5/node_modules/@types/type-detect/index.d.ts'
[04:57:01.531] Adding entry into typings cache: 'type-is' => '/Users/peterchoi/Library/Caches/typescript/4.5/node_modules/@types/type-is/index.d.ts'
[04:57:01.532] Adding entry into typings cache: 'uniq' => '/Users/peterchoi/Library/Caches/typescript/4.5/node_modules/@types/uniq/index.d.ts'
[04:57:01.533] Adding entry into typings cache: 'universalify' => '/Users/peterchoi/Library/Caches/typescript/4.5/node_modules/@types/universalify/index.d.ts'
[04:57:01.535] Adding entry into typings cache: 'urix' => '/Users/peterchoi/Library/Caches/typescript/4.5/node_modules/@types/urix/index.d.ts'
[04:57:01.536] Adding entry into typings cache: 'url-parse' => '/Users/peterchoi/Library/Caches/typescript/4.5/node_modules/@types/url-parse/index.d.ts'
[04:57:01.538] Adding entry into typings cache: 'util-deprecate' => '/Users/peterchoi/Library/Caches/typescript/4.5/node_modules/@types/util-deprecate/index.d.ts'
[04:57:01.540] Adding entry into typings cache: 'util.promisify' => '/Users/peterchoi/Library/Caches/typescript/4.5/node_modules/@types/util.promisify/index.d.ts'
[04:57:01.540] Adding entry into typings cache: 'utils-merge' => '/Users/peterchoi/Library/Caches/typescript/4.5/node_modules/@types/utils-merge/index.d.ts'
[04:57:01.542] Adding entry into typings cache: 'uuid' => '/Users/peterchoi/Library/Caches/typescript/4.5/node_modules/@types/uuid/index.d.ts'
[04:57:01.543] Adding entry into typings cache: 'validate-npm-package-license' => '/Users/peterchoi/Library/Caches/typescript/4.5/node_modules/@types/validate-npm-package-license/index.d.ts'
[04:57:01.544] Adding entry into typings cache: 'vary' => '/Users/peterchoi/Library/Caches/typescript/4.5/node_modules/@types/vary/index.d.ts'
[04:57:01.545] Adding entry into typings cache: 'verror' => '/Users/peterchoi/Library/Caches/typescript/4.5/node_modules/@types/verror/index.d.ts'
[04:57:01.546] Adding entry into typings cache: 'w3c-hr-time' => '/Users/peterchoi/Library/Caches/typescript/4.5/node_modules/@types/w3c-hr-time/index.d.ts'
[04:57:01.547] Adding entry into typings cache: 'w3c-xmlserializer' => '/Users/peterchoi/Library/Caches/typescript/4.5/node_modules/@types/w3c-xmlserializer/index.d.ts'
[04:57:01.549] Adding entry into typings cache: 'watchpack' => '/Users/peterchoi/Library/Caches/typescript/4.5/node_modules/@types/watchpack/index.d.ts'
[04:57:01.551] Adding entry into typings cache: 'webidl-conversions' => '/Users/peterchoi/Library/Caches/typescript/4.5/node_modules/@types/webidl-conversions/index.d.ts'
[04:57:01.553] Adding entry into typings cache: 'webpack' => '/Users/peterchoi/Library/Caches/typescript/4.5/node_modules/webpack/types.d.ts'
[04:57:01.554] Adding entry into typings cache: 'webpack-dev-middleware' => '/Users/peterchoi/Library/Caches/typescript/4.5/node_modules/@types/webpack-dev-middleware/index.d.ts'
[04:57:01.556] Adding entry into typings cache: 'webpack-dev-server' => '/Users/peterchoi/Library/Caches/typescript/4.5/node_modules/@types/webpack-dev-server/index.d.ts'
[04:57:01.557] Adding entry into typings cache: 'webpack-manifest-plugin' => '/Users/peterchoi/Library/Caches/typescript/4.5/node_modules/@types/webpack-manifest-plugin/index.d.ts'
[04:57:01.559] Adding entry into typings cache: 'webpack-sources' => '/Users/peterchoi/Library/Caches/typescript/4.5/node_modules/@types/webpack-sources/index.d.ts'
[04:57:01.560] Adding entry into typings cache: 'whatwg-encoding' => '/Users/peterchoi/Library/Caches/typescript/4.5/node_modules/@types/whatwg-encoding/index.d.ts'
[04:57:01.562] Adding entry into typings cache: 'whatwg-mimetype' => '/Users/peterchoi/Library/Caches/typescript/4.5/node_modules/@types/whatwg-mimetype/index.d.ts'
[04:57:01.563] Adding entry into typings cache: 'whatwg-url' => '/Users/peterchoi/Library/Caches/typescript/4.5/node_modules/@types/whatwg-url/index.d.ts'
[04:57:01.564] Adding entry into typings cache: 'which' => '/Users/peterchoi/Library/Caches/typescript/4.5/node_modules/@types/which/index.d.ts'
[04:57:01.565] Adding entry into typings cache: 'workbox-build' => '/Users/peterchoi/Library/Caches/typescript/4.5/node_modules/@types/workbox-build/index.d.ts'
[04:57:01.566] Adding entry into typings cache: 'workbox-sw' => '/Users/peterchoi/Library/Caches/typescript/4.5/node_modules/@types/workbox-sw/index.d.ts'
[04:57:01.567] Adding entry into typings cache: 'workbox-webpack-plugin' => '/Users/peterchoi/Library/Caches/typescript/4.5/node_modules/@types/workbox-webpack-plugin/index.d.ts'
[04:57:01.569] Adding entry into typings cache: 'wrap-ansi' => '/Users/peterchoi/Library/Caches/typescript/4.5/node_modules/@types/wrap-ansi/index.d.ts'
[04:57:01.570] Adding entry into typings cache: 'write-file-atomic' => '/Users/peterchoi/Library/Caches/typescript/4.5/node_modules/@types/write-file-atomic/index.d.ts'
[04:57:01.571] Adding entry into typings cache: 'ws' => '/Users/peterchoi/Library/Caches/typescript/4.5/node_modules/@types/ws/index.d.ts'
[04:57:01.572] Adding entry into typings cache: 'xtend' => '/Users/peterchoi/Library/Caches/typescript/4.5/node_modules/@types/xtend/index.d.ts'
[04:57:01.573] Adding entry into typings cache: 'yallist' => '/Users/peterchoi/Library/Caches/typescript/4.5/node_modules/@types/yallist/index.d.ts'
[04:57:01.575] Adding entry into typings cache: 'yargs' => '/Users/peterchoi/Library/Caches/typescript/4.5/node_modules/@types/yargs/index.d.ts'
[04:57:01.576] Adding entry into typings cache: 'yargs-parser' => '/Users/peterchoi/Library/Caches/typescript/4.5/node_modules/@types/yargs-parser/index.d.ts'
[04:57:01.576] Finished processing cache location '/Users/peterchoi/Library/Caches/typescript/4.5'
[04:57:01.577] Process id: 22301
[04:57:01.577] NPM location: /Users/peterchoi/.nvm/versions/node/v16.9.1/bin/npm (explicit '--npmLocation' not  provided)
[04:57:01.577] validateDefaultNpmLocation: false
[04:57:01.577] Npm config file: /Users/peterchoi/Library/Caches/typescript/4.5/package.json
[04:57:01.577] Updating types-registry npm package...
[04:57:01.577] Exec: /Users/peterchoi/.nvm/versions/node/v16.9.1/bin/npm install --ignore-scripts types-registry@latest
[04:57:04.181]     Succeeded. stdout:
    
    up to date, audited 774 packages in 2s

16 packages are looking for funding
  run `npm fund` for details

13 vulnerabilities (9 moderate, 4 high)

To address issues that do not require attention, run:
  npm audit fix

To address all issues possible (including breaking changes), run:
  npm audit fix --force

Some issues need review, and may require choosing
a different dependency.

Run `npm audit` for details.

[04:57:04.182] Updated types-registry npm package
